<?xml version="1.0" encoding="UTF-8"?>
<testng-results ignored="0" total="4" passed="4" failed="0" skipped="0">
  <reporter-output>
  </reporter-output>
  <suite started-at="2021-05-09T00:31:01 IST" name="Suite" finished-at="2021-05-09T00:31:01 IST" duration-ms="91">
    <groups>
    </groups>
    <test started-at="2021-05-09T00:31:01 IST" name="Test" finished-at="2021-05-09T00:31:01 IST" duration-ms="91">
      <class name="qaclickacademy.AppiumTest">
        <test-method signature="IOSapps()[pri:0, instance:qaclickacademy.AppiumTest@15761df8]" started-at="2021-05-09T00:31:01 IST" name="IOSapps" finished-at="2021-05-09T00:31:01 IST" duration-ms="10" status="PASS">
          <reporter-output>
          </reporter-output>
        </test-method> <!-- IOSapps -->
        <test-method signature="NativeApp()[pri:0, instance:qaclickacademy.AppiumTest@15761df8]" started-at="2021-05-09T00:31:01 IST" name="NativeApp" finished-at="2021-05-09T00:31:01 IST" duration-ms="1" status="PASS">
          <reporter-output>
          </reporter-output>
        </test-method> <!-- NativeApp -->
      </class> <!-- qaclickacademy.AppiumTest -->
      <class name="qaclickacademy.SeleniumTest">
        <test-method signature="BrowserAutomation()[pri:0, instance:qaclickacademy.SeleniumTest@6e75aa0d]" started-at="2021-05-09T00:31:01 IST" name="BrowserAutomation" finished-at="2021-05-09T00:31:01 IST" duration-ms="1" status="PASS">
          <reporter-output>
          </reporter-output>
        </test-method> <!-- BrowserAutomation -->
        <test-method signature="ElementUI()[pri:0, instance:qaclickacademy.SeleniumTest@6e75aa0d]" started-at="2021-05-09T00:31:01 IST" name="ElementUI" finished-at="2021-05-09T00:31:01 IST" duration-ms="0" status="PASS">
          <reporter-output>
          </reporter-output>
        </test-method> <!-- ElementUI -->
      </class> <!-- qaclickacademy.SeleniumTest -->
    </test> <!-- Test -->
  </suite> <!-- Suite -->
</testng-results>
