<?xml version="1.0" encoding="UTF-8"?>
<testng-results ignored="0" total="2" passed="2" failed="0" skipped="0">
  <reporter-output>
  </reporter-output>
  <suite started-at="2021-05-08T21:50:29 IST" name="Default suite" finished-at="2021-05-08T21:50:29 IST" duration-ms="77">
    <groups>
    </groups>
    <test started-at="2021-05-08T21:50:29 IST" name="Default test" finished-at="2021-05-08T21:50:29 IST" duration-ms="77">
      <class name="qaclickacademy.SeleniumTest">
        <test-method signature="BrowserAutomation()[pri:0, instance:qaclickacademy.SeleniumTest@5bd03f44]" started-at="2021-05-08T21:50:29 IST" name="BrowserAutomation" finished-at="2021-05-08T21:50:29 IST" duration-ms="10" status="PASS">
          <reporter-output>
          </reporter-output>
        </test-method> <!-- BrowserAutomation -->
        <test-method signature="ElementUI()[pri:0, instance:qaclickacademy.SeleniumTest@5bd03f44]" started-at="2021-05-08T21:50:29 IST" name="ElementUI" finished-at="2021-05-08T21:50:29 IST" duration-ms="2" status="PASS">
          <reporter-output>
          </reporter-output>
        </test-method> <!-- ElementUI -->
      </class> <!-- qaclickacademy.SeleniumTest -->
    </test> <!-- Default test -->
  </suite> <!-- Default suite -->
</testng-results>
